Success: sitemapId=7 linkId=4423 scraped
Success: sitemapId=7 linkId=4429 scraped
Success: sitemapId=7 linkId=4432 scraped
Success: sitemapId=7 linkId=4439 scraped
Success: sitemapId=7 linkId=4445 scraped
Success: sitemapId=7 linkId=4450 scraped
Success: sitemapId=7 linkId=4454 scraped
Success: sitemapId=7 linkId=4460 scraped
Success: sitemapId=7 linkId=4463 scraped
Success: sitemapId=7 linkId=4473 scraped
Success: sitemapId=7 linkId=4477 scraped
Success: sitemapId=7 linkId=4480 scraped
Success: sitemapId=7 linkId=4487 scraped
Success: sitemapId=7 linkId=4492 scraped
Success: sitemapId=7 linkId=4494 scraped
Success: sitemapId=7 linkId=4491 scraped
Success: sitemapId=7 linkId=4500 scraped
Error: sitemapId=7 linkId=4505, Message: Title or text not found
Success: sitemapId=7 linkId=4499 scraped
Success: sitemapId=7 linkId=4507 scraped
Error: sitemapId=7 linkId=4515, Message: Title or text not found
Success: sitemapId=7 linkId=4509 scraped
Success: sitemapId=7 linkId=4517 scraped
Success: sitemapId=7 linkId=4518 scraped
Error: sitemapId=7 linkId=4522, Message: Title or text not found
Success: sitemapId=7 linkId=4523 scraped
Success: sitemapId=7 linkId=4526 scraped
Success: sitemapId=7 linkId=4531 scraped
Success: sitemapId=7 linkId=4529 scraped
Success: sitemapId=7 linkId=4534 scraped
Success: sitemapId=7 linkId=4533 scraped
Success: sitemapId=7 linkId=4539 scraped
Error: sitemapId=7 linkId=4543, Message: Incorrect string value: '\xF0\x9F\x90\xBE\xF0\x9F...' for column `web-scraper`.`articles`.`text` at row 1
Success: sitemapId=7 linkId=4547 scraped
Success: sitemapId=7 linkId=4555 scraped
Success: sitemapId=7 linkId=4553 scraped
Success: sitemapId=7 linkId=4561 scraped
Success: sitemapId=7 linkId=4559 scraped
Success: sitemapId=7 linkId=4566 scraped
Success: sitemapId=7 linkId=4564 scraped
Success: sitemapId=7 linkId=4568 scraped
Success: sitemapId=7 linkId=4572 scraped
Success: sitemapId=7 linkId=4576 scraped
Success: sitemapId=7 linkId=4573 scraped
Success: sitemapId=7 linkId=4578 scraped
Success: sitemapId=7 linkId=4580 scraped
Success: sitemapId=7 linkId=4580 scraped
Success: sitemapId=7 linkId=4582 scraped
Success: sitemapId=7 linkId=4587 scraped
Success: sitemapId=7 linkId=4585 scraped
Success: sitemapId=7 linkId=4591 scraped
Success: sitemapId=7 linkId=4589 scraped
Success: sitemapId=7 linkId=4592 scraped
Success: sitemapId=7 linkId=4597 scraped
Success: sitemapId=7 linkId=4596 scraped
Success: sitemapId=7 linkId=4599 scraped
Success: sitemapId=7 linkId=4602 scraped
Success: sitemapId=7 linkId=4603 scraped
Success: sitemapId=7 linkId=4607 scraped
Success: sitemapId=7 linkId=4609 scraped
Success: sitemapId=7 linkId=4606 scraped
Success: sitemapId=7 linkId=4610 scraped
Success: sitemapId=7 linkId=4615 scraped
Success: sitemapId=7 linkId=4616 scraped
Success: sitemapId=7 linkId=4618 scraped
Success: sitemapId=7 linkId=4622 scraped
Success: sitemapId=7 linkId=4617 scraped
Success: sitemapId=7 linkId=4626 scraped
Error: sitemapId=7 linkId=4625, Message: Please input more text for a more accurate result - 2273 words
Success: sitemapId=7 linkId=4628 scraped
Success: sitemapId=7 linkId=4631 scraped
Error: sitemapId=7 linkId=4634, Message: Error: Could not connect to the API
Success: sitemapId=7 linkId=4633 scraped
Success: sitemapId=7 linkId=4636 scraped
Success: sitemapId=7 linkId=4640 scraped
Success: sitemapId=7 linkId=4639 scraped
Success: sitemapId=7 linkId=4643 scraped
Success: sitemapId=7 linkId=4642 scraped
Success: sitemapId=7 linkId=4649 scraped
Success: sitemapId=7 linkId=4644 scraped
Success: sitemapId=7 linkId=4650 scraped
Error: sitemapId=7 linkId=4655, Message: Please input more text for a more accurate result - 2296 words
Success: sitemapId=7 linkId=4660 scraped
Success: sitemapId=7 linkId=4661 scraped
Success: sitemapId=7 linkId=4666 scraped
Success: sitemapId=7 linkId=4665 scraped
Success: sitemapId=7 linkId=4676 scraped
Success: sitemapId=7 linkId=4671 scraped
Success: sitemapId=7 linkId=4673 scraped
Success: sitemapId=7 linkId=4680 scraped
Success: sitemapId=7 linkId=4681 scraped
Success: sitemapId=7 linkId=4683 scraped
Success: sitemapId=7 linkId=4686 scraped
Success: sitemapId=7 linkId=4690 scraped
Success: sitemapId=7 linkId=4695 scraped
Success: sitemapId=7 linkId=4697 scraped
Success: sitemapId=7 linkId=4702 scraped
Success: sitemapId=7 linkId=4705 scraped
Success: sitemapId=7 linkId=4699 scraped
Success: sitemapId=7 linkId=4709 scraped
Success: sitemapId=7 linkId=4712 scraped
Success: sitemapId=7 linkId=4719 scraped
Success: sitemapId=7 linkId=4713 scraped
Success: sitemapId=7 linkId=4724 scraped
Success: sitemapId=7 linkId=4720 scraped
Success: sitemapId=7 linkId=4722 scraped
Error: sitemapId=7 linkId=4730, Message: Title or text not found
Success: sitemapId=7 linkId=4729 scraped
Success: sitemapId=7 linkId=4734 scraped
Success: sitemapId=7 linkId=4732 scraped
Success: sitemapId=7 linkId=4739 scraped
Success: sitemapId=7 linkId=4741 scraped
Success: sitemapId=7 linkId=4744 scraped
Success: sitemapId=7 linkId=4750 scraped
Success: sitemapId=7 linkId=4748 scraped
Success: sitemapId=7 linkId=4754 scraped
Error: sitemapId=7 linkId=4759, Message: Title or text not found
Error: sitemapId=7 linkId=4760, Message: Please input more text for a more accurate result - 579 words
Success: sitemapId=7 linkId=4761 scraped
Success: sitemapId=7 linkId=4763 scraped
Error: sitemapId=7 linkId=4768, Message: Title or text not found
Success: sitemapId=7 linkId=4769 scraped
Success: sitemapId=7 linkId=4772 scraped
Success: sitemapId=7 linkId=4766 scraped
